<?xml version="1.0" encoding="UTF-8"?>
<!-- Generated by org.testng.reporters.JUnitReportReporter -->
<testsuite hostname="DESKTOP-0M74TGB" failures="0" tests="1" name="com.target.targetshoppingwebsite.SampleTest" time="24.588" errors="0" timestamp="2024-10-21T12:32:30 EDT" skipped="0">
  <testcase classname="com.target.targetshoppingwebsite.SampleTest" name="testWithConstructor" time="24.588"/>
</testsuite> <!-- com.target.targetshoppingwebsite.SampleTest -->
