<?xml version="1.0" encoding="UTF-8"?>
<!-- Generated by org.testng.reporters.JUnitReportReporter -->
<testsuite hostname="DESKTOP-0M74TGB" failures="0" tests="1" name="com.target.targetshoppingwebsite.practicetest.SampleTest1" time="28.632" errors="0" timestamp="2024-11-12T10:23:04 EST" skipped="0">
  <testcase classname="com.target.targetshoppingwebsite.practicetest.SampleTest1" name="testWithConstructor" time="28.632"/>
</testsuite> <!-- com.target.targetshoppingwebsite.practicetest.SampleTest1 -->
